<?xml version="1.0" encoding="UTF-8"?>
<testsuite xmlns:xsi="http://www.w3.org/2001/XMLSchema-instance" xsi:noNamespaceSchemaLocation="https://maven.apache.org/surefire/maven-surefire-plugin/xsd/surefire-test-report-3.0.xsd" version="3.0" name="com.app.ConsumerApplicationTests" time="0.006" tests="1" errors="0" skipped="0" failures="0">
  <properties>
    <property name="java.specification.version" value="21"/>
    <property name="sun.jnu.encoding" value="UTF-8"/>
    <property name="java.class.path" value="/Users/rajatmishra/Desktop/pact-workshop/customer_service/target/test-classes:/Users/rajatmishra/Desktop/pact-workshop/customer_service/target/classes:/Users/rajatmishra/.m2/repository/org/springframework/boot/spring-boot-starter-web/3.3.0/spring-boot-starter-web-3.3.0.jar:/Users/rajatmishra/.m2/repository/org/springframework/boot/spring-boot-starter/3.3.0/spring-boot-starter-3.3.0.jar:/Users/rajatmishra/.m2/repository/org/springframework/boot/spring-boot/3.3.0/spring-boot-3.3.0.jar:/Users/rajatmishra/.m2/repository/org/springframework/boot/spring-boot-autoconfigure/3.3.0/spring-boot-autoconfigure-3.3.0.jar:/Users/rajatmishra/.m2/repository/org/springframework/boot/spring-boot-starter-logging/3.3.0/spring-boot-starter-logging-3.3.0.jar:/Users/rajatmishra/.m2/repository/ch/qos/logback/logback-classic/1.5.6/logback-classic-1.5.6.jar:/Users/rajatmishra/.m2/repository/ch/qos/logback/logback-core/1.5.6/logback-core-1.5.6.jar:/Users/rajatmishra/.m2/repository/org/apache/logging/log4j/log4j-to-slf4j/2.23.1/log4j-to-slf4j-2.23.1.jar:/Users/rajatmishra/.m2/repository/org/apache/logging/log4j/log4j-api/2.23.1/log4j-api-2.23.1.jar:/Users/rajatmishra/.m2/repository/org/slf4j/jul-to-slf4j/2.0.13/jul-to-slf4j-2.0.13.jar:/Users/rajatmishra/.m2/repository/jakarta/annotation/jakarta.annotation-api/2.1.1/jakarta.annotation-api-2.1.1.jar:/Users/rajatmishra/.m2/repository/org/yaml/snakeyaml/2.2/snakeyaml-2.2.jar:/Users/rajatmishra/.m2/repository/org/springframework/boot/spring-boot-starter-json/3.3.0/spring-boot-starter-json-3.3.0.jar:/Users/rajatmishra/.m2/repository/com/fasterxml/jackson/core/jackson-databind/2.17.1/jackson-databind-2.17.1.jar:/Users/rajatmishra/.m2/repository/com/fasterxml/jackson/core/jackson-annotations/2.17.1/jackson-annotations-2.17.1.jar:/Users/rajatmishra/.m2/repository/com/fasterxml/jackson/core/jackson-core/2.17.1/jackson-core-2.17.1.jar:/Users/rajatmishra/.m2/repository/com/fasterxml/jackson/datatype/jackson-datatype-jdk8/2.17.1/jackson-datatype-jdk8-2.17.1.jar:/Users/rajatmishra/.m2/repository/com/fasterxml/jackson/datatype/jackson-datatype-jsr310/2.17.1/jackson-datatype-jsr310-2.17.1.jar:/Users/rajatmishra/.m2/repository/com/fasterxml/jackson/module/jackson-module-parameter-names/2.17.1/jackson-module-parameter-names-2.17.1.jar:/Users/rajatmishra/.m2/repository/org/springframework/boot/spring-boot-starter-tomcat/3.3.0/spring-boot-starter-tomcat-3.3.0.jar:/Users/rajatmishra/.m2/repository/org/apache/tomcat/embed/tomcat-embed-core/10.1.24/tomcat-embed-core-10.1.24.jar:/Users/rajatmishra/.m2/repository/org/apache/tomcat/embed/tomcat-embed-el/10.1.24/tomcat-embed-el-10.1.24.jar:/Users/rajatmishra/.m2/repository/org/apache/tomcat/embed/tomcat-embed-websocket/10.1.24/tomcat-embed-websocket-10.1.24.jar:/Users/rajatmishra/.m2/repository/org/springframework/spring-web/6.1.8/spring-web-6.1.8.jar:/Users/rajatmishra/.m2/repository/org/springframework/spring-beans/6.1.8/spring-beans-6.1.8.jar:/Users/rajatmishra/.m2/repository/io/micrometer/micrometer-observation/1.13.0/micrometer-observation-1.13.0.jar:/Users/rajatmishra/.m2/repository/io/micrometer/micrometer-commons/1.13.0/micrometer-commons-1.13.0.jar:/Users/rajatmishra/.m2/repository/org/springframework/spring-webmvc/6.1.8/spring-webmvc-6.1.8.jar:/Users/rajatmishra/.m2/repository/org/springframework/spring-aop/6.1.8/spring-aop-6.1.8.jar:/Users/rajatmishra/.m2/repository/org/springframework/spring-context/6.1.8/spring-context-6.1.8.jar:/Users/rajatmishra/.m2/repository/org/springframework/spring-expression/6.1.8/spring-expression-6.1.8.jar:/Users/rajatmishra/.m2/repository/org/projectlombok/lombok/1.18.32/lombok-1.18.32.jar:/Users/rajatmishra/.m2/repository/org/springframework/boot/spring-boot-starter-test/3.3.0/spring-boot-starter-test-3.3.0.jar:/Users/rajatmishra/.m2/repository/org/springframework/boot/spring-boot-test/3.3.0/spring-boot-test-3.3.0.jar:/Users/rajatmishra/.m2/repository/org/springframework/boot/spring-boot-test-autoconfigure/3.3.0/spring-boot-test-autoconfigure-3.3.0.jar:/Users/rajatmishra/.m2/repository/com/jayway/jsonpath/json-path/2.9.0/json-path-2.9.0.jar:/Users/rajatmishra/.m2/repository/jakarta/xml/bind/jakarta.xml.bind-api/4.0.2/jakarta.xml.bind-api-4.0.2.jar:/Users/rajatmishra/.m2/repository/jakarta/activation/jakarta.activation-api/2.1.3/jakarta.activation-api-2.1.3.jar:/Users/rajatmishra/.m2/repository/net/minidev/json-smart/2.5.1/json-smart-2.5.1.jar:/Users/rajatmishra/.m2/repository/net/minidev/accessors-smart/2.5.1/accessors-smart-2.5.1.jar:/Users/rajatmishra/.m2/repository/org/ow2/asm/asm/9.6/asm-9.6.jar:/Users/rajatmishra/.m2/repository/org/assertj/assertj-core/3.25.3/assertj-core-3.25.3.jar:/Users/rajatmishra/.m2/repository/net/bytebuddy/byte-buddy/1.14.16/byte-buddy-1.14.16.jar:/Users/rajatmishra/.m2/repository/org/awaitility/awaitility/4.2.1/awaitility-4.2.1.jar:/Users/rajatmishra/.m2/repository/org/hamcrest/hamcrest/2.2/hamcrest-2.2.jar:/Users/rajatmishra/.m2/repository/org/junit/jupiter/junit-jupiter/5.10.2/junit-jupiter-5.10.2.jar:/Users/rajatmishra/.m2/repository/org/junit/jupiter/junit-jupiter-params/5.10.2/junit-jupiter-params-5.10.2.jar:/Users/rajatmishra/.m2/repository/org/junit/jupiter/junit-jupiter-engine/5.10.2/junit-jupiter-engine-5.10.2.jar:/Users/rajatmishra/.m2/repository/org/junit/platform/junit-platform-engine/1.10.2/junit-platform-engine-1.10.2.jar:/Users/rajatmishra/.m2/repository/org/mockito/mockito-core/5.11.0/mockito-core-5.11.0.jar:/Users/rajatmishra/.m2/repository/net/bytebuddy/byte-buddy-agent/1.14.16/byte-buddy-agent-1.14.16.jar:/Users/rajatmishra/.m2/repository/org/objenesis/objenesis/3.3/objenesis-3.3.jar:/Users/rajatmishra/.m2/repository/org/mockito/mockito-junit-jupiter/5.11.0/mockito-junit-jupiter-5.11.0.jar:/Users/rajatmishra/.m2/repository/org/skyscreamer/jsonassert/1.5.1/jsonassert-1.5.1.jar:/Users/rajatmishra/.m2/repository/com/vaadin/external/google/android-json/0.0.20131108.vaadin1/android-json-0.0.20131108.vaadin1.jar:/Users/rajatmishra/.m2/repository/org/springframework/spring-core/6.1.8/spring-core-6.1.8.jar:/Users/rajatmishra/.m2/repository/org/springframework/spring-jcl/6.1.8/spring-jcl-6.1.8.jar:/Users/rajatmishra/.m2/repository/org/springframework/spring-test/6.1.8/spring-test-6.1.8.jar:/Users/rajatmishra/.m2/repository/org/xmlunit/xmlunit-core/2.9.1/xmlunit-core-2.9.1.jar:/Users/rajatmishra/.m2/repository/au/com/dius/pact/consumer/junit5/4.6.9/junit5-4.6.9.jar:/Users/rajatmishra/.m2/repository/au/com/dius/pact/consumer/4.6.9/consumer-4.6.9.jar:/Users/rajatmishra/.m2/repository/au/com/dius/pact/core/support/4.6.9/support-4.6.9.jar:/Users/rajatmishra/.m2/repository/io/github/oshai/kotlin-logging-jvm/5.1.4/kotlin-logging-jvm-5.1.4.jar:/Users/rajatmishra/.m2/repository/org/jetbrains/kotlin/kotlin-stdlib-jdk8/1.9.24/kotlin-stdlib-jdk8-1.9.24.jar:/Users/rajatmishra/.m2/repository/commons-codec/commons-codec/1.16.1/commons-codec-1.16.1.jar:/Users/rajatmishra/.m2/repository/au/com/dius/pact/core/model/4.6.9/model-4.6.9.jar:/Users/rajatmishra/.m2/repository/au/com/dius/pact/core/pactbroker/4.6.9/pactbroker-4.6.9.jar:/Users/rajatmishra/.m2/repository/org/apache/commons/commons-collections4/4.4/commons-collections4-4.4.jar:/Users/rajatmishra/.m2/repository/javax/mail/mail/1.5.0-b01/mail-1.5.0-b01.jar:/Users/rajatmishra/.m2/repository/javax/activation/activation/1.1/activation-1.1.jar:/Users/rajatmishra/.m2/repository/io/ktor/ktor-http-jvm/2.3.8/ktor-http-jvm-2.3.8.jar:/Users/rajatmishra/.m2/repository/org/jetbrains/kotlin/kotlin-stdlib-jdk7/1.9.24/kotlin-stdlib-jdk7-1.9.24.jar:/Users/rajatmishra/.m2/repository/org/jetbrains/kotlinx/kotlinx-coroutines-jdk8/1.8.1/kotlinx-coroutines-jdk8-1.8.1.jar:/Users/rajatmishra/.m2/repository/org/jetbrains/kotlinx/kotlinx-coroutines-core-jvm/1.8.1/kotlinx-coroutines-core-jvm-1.8.1.jar:/Users/rajatmishra/.m2/repository/io/ktor/ktor-utils-jvm/2.3.8/ktor-utils-jvm-2.3.8.jar:/Users/rajatmishra/.m2/repository/io/ktor/ktor-io-jvm/2.3.8/ktor-io-jvm-2.3.8.jar:/Users/rajatmishra/.m2/repository/commons-beanutils/commons-beanutils/1.9.4/commons-beanutils-1.9.4.jar:/Users/rajatmishra/.m2/repository/commons-logging/commons-logging/1.2/commons-logging-1.2.jar:/Users/rajatmishra/.m2/repository/commons-collections/commons-collections/3.2.2/commons-collections-3.2.2.jar:/Users/rajatmishra/.m2/repository/au/com/dius/pact/core/matchers/4.6.9/matchers-4.6.9.jar:/Users/rajatmishra/.m2/repository/io/github/java-diff-utils/java-diff-utils/4.12/java-diff-utils-4.12.jar:/Users/rajatmishra/.m2/repository/org/atteo/evo-inflector/1.3/evo-inflector-1.3.jar:/Users/rajatmishra/.m2/repository/com/github/ajalt/mordant/1.2.1/mordant-1.2.1.jar:/Users/rajatmishra/.m2/repository/com/github/ajalt/colormath/1.2.0/colormath-1.2.0.jar:/Users/rajatmishra/.m2/repository/com/github/zafarkhaja/java-semver/0.9.0/java-semver-0.9.0.jar:/Users/rajatmishra/.m2/repository/org/apache/httpcomponents/client5/httpclient5/5.3.1/httpclient5-5.3.1.jar:/Users/rajatmishra/.m2/repository/org/apache/httpcomponents/core5/httpcore5/5.2.4/httpcore5-5.2.4.jar:/Users/rajatmishra/.m2/repository/org/apache/httpcomponents/core5/httpcore5-h2/5.2.4/httpcore5-h2-5.2.4.jar:/Users/rajatmishra/.m2/repository/org/json/json/20240205/json-20240205.jar:/Users/rajatmishra/.m2/repository/org/apache/httpcomponents/client5/httpclient5-fluent/5.3.1/httpclient5-fluent-5.3.1.jar:/Users/rajatmishra/.m2/repository/com/googlecode/java-diff-utils/diffutils/1.3.0/diffutils-1.3.0.jar:/Users/rajatmishra/.m2/repository/dk/brics/automaton/automaton/1.11-8/automaton-1.11-8.jar:/Users/rajatmishra/.m2/repository/io/netty/netty-handler/4.1.110.Final/netty-handler-4.1.110.Final.jar:/Users/rajatmishra/.m2/repository/io/netty/netty-common/4.1.110.Final/netty-common-4.1.110.Final.jar:/Users/rajatmishra/.m2/repository/io/netty/netty-resolver/4.1.110.Final/netty-resolver-4.1.110.Final.jar:/Users/rajatmishra/.m2/repository/io/netty/netty-buffer/4.1.110.Final/netty-buffer-4.1.110.Final.jar:/Users/rajatmishra/.m2/repository/io/netty/netty-transport/4.1.110.Final/netty-transport-4.1.110.Final.jar:/Users/rajatmishra/.m2/repository/io/netty/netty-transport-native-unix-common/4.1.110.Final/netty-transport-native-unix-common-4.1.110.Final.jar:/Users/rajatmishra/.m2/repository/io/netty/netty-codec/4.1.110.Final/netty-codec-4.1.110.Final.jar:/Users/rajatmishra/.m2/repository/io/ktor/ktor-server-netty/2.3.8/ktor-server-netty-2.3.8.jar:/Users/rajatmishra/.m2/repository/org/jetbrains/kotlinx/kotlinx-coroutines-core/1.8.1/kotlinx-coroutines-core-1.8.1.jar:/Users/rajatmishra/.m2/repository/org/jetbrains/kotlin/kotlin-stdlib-common/1.9.24/kotlin-stdlib-common-1.9.24.jar:/Users/rajatmishra/.m2/repository/io/ktor/ktor-network-tls-certificates/2.3.8/ktor-network-tls-certificates-2.3.8.jar:/Users/rajatmishra/.m2/repository/io/ktor/ktor-server-call-logging/2.3.8/ktor-server-call-logging-2.3.8.jar:/Users/rajatmishra/.m2/repository/io/ktor/ktor-server-core/2.3.8/ktor-server-core-2.3.8.jar:/Users/rajatmishra/.m2/repository/org/jetbrains/kotlinx/atomicfu/0.19.0/atomicfu-0.19.0.jar:/Users/rajatmishra/.m2/repository/org/jetbrains/kotlinx/atomicfu-jvm/0.19.0/atomicfu-jvm-0.19.0.jar:/Users/rajatmishra/.m2/repository/io/ktor/ktor-utils/2.3.8/ktor-utils-2.3.8.jar:/Users/rajatmishra/.m2/repository/io/ktor/ktor-io/2.3.8/ktor-io-2.3.8.jar:/Users/rajatmishra/.m2/repository/io/ktor/ktor-http/2.3.8/ktor-http-2.3.8.jar:/Users/rajatmishra/.m2/repository/io/ktor/ktor-serialization/2.3.8/ktor-serialization-2.3.8.jar:/Users/rajatmishra/.m2/repository/io/ktor/ktor-websockets/2.3.8/ktor-websockets-2.3.8.jar:/Users/rajatmishra/.m2/repository/io/ktor/ktor-events/2.3.8/ktor-events-2.3.8.jar:/Users/rajatmishra/.m2/repository/io/pact/plugin/driver/core/0.4.2/core-0.4.2.jar:/Users/rajatmishra/.m2/repository/com/vdurmont/semver4j/3.1.0/semver4j-3.1.0.jar:/Users/rajatmishra/.m2/repository/io/grpc/grpc-protobuf/1.56.1/grpc-protobuf-1.56.1.jar:/Users/rajatmishra/.m2/repository/io/grpc/grpc-api/1.56.1/grpc-api-1.56.1.jar:/Users/rajatmishra/.m2/repository/io/grpc/grpc-context/1.56.1/grpc-context-1.56.1.jar:/Users/rajatmishra/.m2/repository/com/google/code/findbugs/jsr305/3.0.2/jsr305-3.0.2.jar:/Users/rajatmishra/.m2/repository/com/google/protobuf/protobuf-java/3.22.3/protobuf-java-3.22.3.jar:/Users/rajatmishra/.m2/repository/com/google/api/grpc/proto-google-common-protos/2.17.0/proto-google-common-protos-2.17.0.jar:/Users/rajatmishra/.m2/repository/io/grpc/grpc-protobuf-lite/1.56.1/grpc-protobuf-lite-1.56.1.jar:/Users/rajatmishra/.m2/repository/io/grpc/grpc-stub/1.56.1/grpc-stub-1.56.1.jar:/Users/rajatmishra/.m2/repository/com/google/errorprone/error_prone_annotations/2.18.0/error_prone_annotations-2.18.0.jar:/Users/rajatmishra/.m2/repository/io/grpc/grpc-netty/1.56.1/grpc-netty-1.56.1.jar:/Users/rajatmishra/.m2/repository/io/grpc/grpc-core/1.56.1/grpc-core-1.56.1.jar:/Users/rajatmishra/.m2/repository/com/google/android/annotations/4.1.1.4/annotations-4.1.1.4.jar:/Users/rajatmishra/.m2/repository/org/codehaus/mojo/animal-sniffer-annotations/1.23/animal-sniffer-annotations-1.23.jar:/Users/rajatmishra/.m2/repository/io/netty/netty-codec-http2/4.1.110.Final/netty-codec-http2-4.1.110.Final.jar:/Users/rajatmishra/.m2/repository/io/netty/netty-codec-http/4.1.110.Final/netty-codec-http-4.1.110.Final.jar:/Users/rajatmishra/.m2/repository/io/netty/netty-handler-proxy/4.1.110.Final/netty-handler-proxy-4.1.110.Final.jar:/Users/rajatmishra/.m2/repository/io/netty/netty-codec-socks/4.1.110.Final/netty-codec-socks-4.1.110.Final.jar:/Users/rajatmishra/.m2/repository/io/perfmark/perfmark-api/0.26.0/perfmark-api-0.26.0.jar:/Users/rajatmishra/.m2/repository/javax/annotation/javax.annotation-api/1.3.2/javax.annotation-api-1.3.2.jar:/Users/rajatmishra/.m2/repository/com/google/guava/guava/31.1-jre/guava-31.1-jre.jar:/Users/rajatmishra/.m2/repository/com/google/guava/failureaccess/1.0.1/failureaccess-1.0.1.jar:/Users/rajatmishra/.m2/repository/com/google/guava/listenablefuture/9999.0-empty-to-avoid-conflict-with-guava/listenablefuture-9999.0-empty-to-avoid-conflict-with-guava.jar:/Users/rajatmishra/.m2/repository/org/checkerframework/checker-qual/3.12.0/checker-qual-3.12.0.jar:/Users/rajatmishra/.m2/repository/com/google/j2objc/j2objc-annotations/1.3/j2objc-annotations-1.3.jar:/Users/rajatmishra/.m2/repository/javax/json/javax.json-api/1.1.4/javax.json-api-1.1.4.jar:/Users/rajatmishra/.m2/repository/org/glassfish/javax.json/1.1.4/javax.json-1.1.4.jar:/Users/rajatmishra/.m2/repository/com/moandjiezana/toml/toml4j/0.7.2/toml4j-0.7.2.jar:/Users/rajatmishra/.m2/repository/com/google/code/gson/gson/2.10.1/gson-2.10.1.jar:/Users/rajatmishra/.m2/repository/org/rauschig/jarchivelib/1.2.0/jarchivelib-1.2.0.jar:/Users/rajatmishra/.m2/repository/org/apache/commons/commons-compress/1.21/commons-compress-1.21.jar:/Users/rajatmishra/.m2/repository/org/apache/commons/commons-lang3/3.14.0/commons-lang3-3.14.0.jar:/Users/rajatmishra/.m2/repository/com/github/mifmif/generex/1.0.2/generex-1.0.2.jar:/Users/rajatmishra/.m2/repository/commons-io/commons-io/2.14.0/commons-io-2.14.0.jar:/Users/rajatmishra/.m2/repository/org/apache/commons/commons-text/1.10.0/commons-text-1.10.0.jar:/Users/rajatmishra/.m2/repository/org/apache/tika/tika-core/2.9.1/tika-core-2.9.1.jar:/Users/rajatmishra/.m2/repository/org/junit/jupiter/junit-jupiter-api/5.10.2/junit-jupiter-api-5.10.2.jar:/Users/rajatmishra/.m2/repository/org/opentest4j/opentest4j/1.3.0/opentest4j-1.3.0.jar:/Users/rajatmishra/.m2/repository/org/junit/platform/junit-platform-commons/1.10.2/junit-platform-commons-1.10.2.jar:/Users/rajatmishra/.m2/repository/org/apiguardian/apiguardian-api/1.1.2/apiguardian-api-1.1.2.jar:/Users/rajatmishra/.m2/repository/org/jetbrains/kotlin/kotlin-stdlib/1.9.24/kotlin-stdlib-1.9.24.jar:/Users/rajatmishra/.m2/repository/org/jetbrains/annotations/13.0/annotations-13.0.jar:/Users/rajatmishra/.m2/repository/org/jetbrains/kotlin/kotlin-reflect/1.9.24/kotlin-reflect-1.9.24.jar:/Users/rajatmishra/.m2/repository/org/slf4j/slf4j-api/2.0.13/slf4j-api-2.0.13.jar:"/>
    <property name="java.vm.vendor" value="Homebrew"/>
    <property name="sun.arch.data.model" value="64"/>
    <property name="java.vendor.url" value="https://github.com/Homebrew/homebrew-core/issues"/>
    <property name="user.timezone" value="Asia/Kolkata"/>
    <property name="os.name" value="Mac OS X"/>
    <property name="java.vm.specification.version" value="21"/>
    <property name="sun.java.launcher" value="SUN_STANDARD"/>
    <property name="user.country" value="IN"/>
    <property name="sun.boot.library.path" value="/opt/homebrew/Cellar/openjdk/21.0.1/libexec/openjdk.jdk/Contents/Home/lib"/>
    <property name="sun.java.command" value="/Users/rajatmishra/Desktop/pact-workshop/customer_service/target/surefire/surefirebooter-20240603134650055_3.jar /Users/rajatmishra/Desktop/pact-workshop/customer_service/target/surefire 2024-06-03T13-46-50_011-jvmRun1 surefire-20240603134650055_1tmp surefire_0-20240603134650055_2tmp"/>
    <property name="jdk.debug" value="release"/>
    <property name="surefire.test.class.path" value="/Users/rajatmishra/Desktop/pact-workshop/customer_service/target/test-classes:/Users/rajatmishra/Desktop/pact-workshop/customer_service/target/classes:/Users/rajatmishra/.m2/repository/org/springframework/boot/spring-boot-starter-web/3.3.0/spring-boot-starter-web-3.3.0.jar:/Users/rajatmishra/.m2/repository/org/springframework/boot/spring-boot-starter/3.3.0/spring-boot-starter-3.3.0.jar:/Users/rajatmishra/.m2/repository/org/springframework/boot/spring-boot/3.3.0/spring-boot-3.3.0.jar:/Users/rajatmishra/.m2/repository/org/springframework/boot/spring-boot-autoconfigure/3.3.0/spring-boot-autoconfigure-3.3.0.jar:/Users/rajatmishra/.m2/repository/org/springframework/boot/spring-boot-starter-logging/3.3.0/spring-boot-starter-logging-3.3.0.jar:/Users/rajatmishra/.m2/repository/ch/qos/logback/logback-classic/1.5.6/logback-classic-1.5.6.jar:/Users/rajatmishra/.m2/repository/ch/qos/logback/logback-core/1.5.6/logback-core-1.5.6.jar:/Users/rajatmishra/.m2/repository/org/apache/logging/log4j/log4j-to-slf4j/2.23.1/log4j-to-slf4j-2.23.1.jar:/Users/rajatmishra/.m2/repository/org/apache/logging/log4j/log4j-api/2.23.1/log4j-api-2.23.1.jar:/Users/rajatmishra/.m2/repository/org/slf4j/jul-to-slf4j/2.0.13/jul-to-slf4j-2.0.13.jar:/Users/rajatmishra/.m2/repository/jakarta/annotation/jakarta.annotation-api/2.1.1/jakarta.annotation-api-2.1.1.jar:/Users/rajatmishra/.m2/repository/org/yaml/snakeyaml/2.2/snakeyaml-2.2.jar:/Users/rajatmishra/.m2/repository/org/springframework/boot/spring-boot-starter-json/3.3.0/spring-boot-starter-json-3.3.0.jar:/Users/rajatmishra/.m2/repository/com/fasterxml/jackson/core/jackson-databind/2.17.1/jackson-databind-2.17.1.jar:/Users/rajatmishra/.m2/repository/com/fasterxml/jackson/core/jackson-annotations/2.17.1/jackson-annotations-2.17.1.jar:/Users/rajatmishra/.m2/repository/com/fasterxml/jackson/core/jackson-core/2.17.1/jackson-core-2.17.1.jar:/Users/rajatmishra/.m2/repository/com/fasterxml/jackson/datatype/jackson-datatype-jdk8/2.17.1/jackson-datatype-jdk8-2.17.1.jar:/Users/rajatmishra/.m2/repository/com/fasterxml/jackson/datatype/jackson-datatype-jsr310/2.17.1/jackson-datatype-jsr310-2.17.1.jar:/Users/rajatmishra/.m2/repository/com/fasterxml/jackson/module/jackson-module-parameter-names/2.17.1/jackson-module-parameter-names-2.17.1.jar:/Users/rajatmishra/.m2/repository/org/springframework/boot/spring-boot-starter-tomcat/3.3.0/spring-boot-starter-tomcat-3.3.0.jar:/Users/rajatmishra/.m2/repository/org/apache/tomcat/embed/tomcat-embed-core/10.1.24/tomcat-embed-core-10.1.24.jar:/Users/rajatmishra/.m2/repository/org/apache/tomcat/embed/tomcat-embed-el/10.1.24/tomcat-embed-el-10.1.24.jar:/Users/rajatmishra/.m2/repository/org/apache/tomcat/embed/tomcat-embed-websocket/10.1.24/tomcat-embed-websocket-10.1.24.jar:/Users/rajatmishra/.m2/repository/org/springframework/spring-web/6.1.8/spring-web-6.1.8.jar:/Users/rajatmishra/.m2/repository/org/springframework/spring-beans/6.1.8/spring-beans-6.1.8.jar:/Users/rajatmishra/.m2/repository/io/micrometer/micrometer-observation/1.13.0/micrometer-observation-1.13.0.jar:/Users/rajatmishra/.m2/repository/io/micrometer/micrometer-commons/1.13.0/micrometer-commons-1.13.0.jar:/Users/rajatmishra/.m2/repository/org/springframework/spring-webmvc/6.1.8/spring-webmvc-6.1.8.jar:/Users/rajatmishra/.m2/repository/org/springframework/spring-aop/6.1.8/spring-aop-6.1.8.jar:/Users/rajatmishra/.m2/repository/org/springframework/spring-context/6.1.8/spring-context-6.1.8.jar:/Users/rajatmishra/.m2/repository/org/springframework/spring-expression/6.1.8/spring-expression-6.1.8.jar:/Users/rajatmishra/.m2/repository/org/projectlombok/lombok/1.18.32/lombok-1.18.32.jar:/Users/rajatmishra/.m2/repository/org/springframework/boot/spring-boot-starter-test/3.3.0/spring-boot-starter-test-3.3.0.jar:/Users/rajatmishra/.m2/repository/org/springframework/boot/spring-boot-test/3.3.0/spring-boot-test-3.3.0.jar:/Users/rajatmishra/.m2/repository/org/springframework/boot/spring-boot-test-autoconfigure/3.3.0/spring-boot-test-autoconfigure-3.3.0.jar:/Users/rajatmishra/.m2/repository/com/jayway/jsonpath/json-path/2.9.0/json-path-2.9.0.jar:/Users/rajatmishra/.m2/repository/jakarta/xml/bind/jakarta.xml.bind-api/4.0.2/jakarta.xml.bind-api-4.0.2.jar:/Users/rajatmishra/.m2/repository/jakarta/activation/jakarta.activation-api/2.1.3/jakarta.activation-api-2.1.3.jar:/Users/rajatmishra/.m2/repository/net/minidev/json-smart/2.5.1/json-smart-2.5.1.jar:/Users/rajatmishra/.m2/repository/net/minidev/accessors-smart/2.5.1/accessors-smart-2.5.1.jar:/Users/rajatmishra/.m2/repository/org/ow2/asm/asm/9.6/asm-9.6.jar:/Users/rajatmishra/.m2/repository/org/assertj/assertj-core/3.25.3/assertj-core-3.25.3.jar:/Users/rajatmishra/.m2/repository/net/bytebuddy/byte-buddy/1.14.16/byte-buddy-1.14.16.jar:/Users/rajatmishra/.m2/repository/org/awaitility/awaitility/4.2.1/awaitility-4.2.1.jar:/Users/rajatmishra/.m2/repository/org/hamcrest/hamcrest/2.2/hamcrest-2.2.jar:/Users/rajatmishra/.m2/repository/org/junit/jupiter/junit-jupiter/5.10.2/junit-jupiter-5.10.2.jar:/Users/rajatmishra/.m2/repository/org/junit/jupiter/junit-jupiter-params/5.10.2/junit-jupiter-params-5.10.2.jar:/Users/rajatmishra/.m2/repository/org/junit/jupiter/junit-jupiter-engine/5.10.2/junit-jupiter-engine-5.10.2.jar:/Users/rajatmishra/.m2/repository/org/junit/platform/junit-platform-engine/1.10.2/junit-platform-engine-1.10.2.jar:/Users/rajatmishra/.m2/repository/org/mockito/mockito-core/5.11.0/mockito-core-5.11.0.jar:/Users/rajatmishra/.m2/repository/net/bytebuddy/byte-buddy-agent/1.14.16/byte-buddy-agent-1.14.16.jar:/Users/rajatmishra/.m2/repository/org/objenesis/objenesis/3.3/objenesis-3.3.jar:/Users/rajatmishra/.m2/repository/org/mockito/mockito-junit-jupiter/5.11.0/mockito-junit-jupiter-5.11.0.jar:/Users/rajatmishra/.m2/repository/org/skyscreamer/jsonassert/1.5.1/jsonassert-1.5.1.jar:/Users/rajatmishra/.m2/repository/com/vaadin/external/google/android-json/0.0.20131108.vaadin1/android-json-0.0.20131108.vaadin1.jar:/Users/rajatmishra/.m2/repository/org/springframework/spring-core/6.1.8/spring-core-6.1.8.jar:/Users/rajatmishra/.m2/repository/org/springframework/spring-jcl/6.1.8/spring-jcl-6.1.8.jar:/Users/rajatmishra/.m2/repository/org/springframework/spring-test/6.1.8/spring-test-6.1.8.jar:/Users/rajatmishra/.m2/repository/org/xmlunit/xmlunit-core/2.9.1/xmlunit-core-2.9.1.jar:/Users/rajatmishra/.m2/repository/au/com/dius/pact/consumer/junit5/4.6.9/junit5-4.6.9.jar:/Users/rajatmishra/.m2/repository/au/com/dius/pact/consumer/4.6.9/consumer-4.6.9.jar:/Users/rajatmishra/.m2/repository/au/com/dius/pact/core/support/4.6.9/support-4.6.9.jar:/Users/rajatmishra/.m2/repository/io/github/oshai/kotlin-logging-jvm/5.1.4/kotlin-logging-jvm-5.1.4.jar:/Users/rajatmishra/.m2/repository/org/jetbrains/kotlin/kotlin-stdlib-jdk8/1.9.24/kotlin-stdlib-jdk8-1.9.24.jar:/Users/rajatmishra/.m2/repository/commons-codec/commons-codec/1.16.1/commons-codec-1.16.1.jar:/Users/rajatmishra/.m2/repository/au/com/dius/pact/core/model/4.6.9/model-4.6.9.jar:/Users/rajatmishra/.m2/repository/au/com/dius/pact/core/pactbroker/4.6.9/pactbroker-4.6.9.jar:/Users/rajatmishra/.m2/repository/org/apache/commons/commons-collections4/4.4/commons-collections4-4.4.jar:/Users/rajatmishra/.m2/repository/javax/mail/mail/1.5.0-b01/mail-1.5.0-b01.jar:/Users/rajatmishra/.m2/repository/javax/activation/activation/1.1/activation-1.1.jar:/Users/rajatmishra/.m2/repository/io/ktor/ktor-http-jvm/2.3.8/ktor-http-jvm-2.3.8.jar:/Users/rajatmishra/.m2/repository/org/jetbrains/kotlin/kotlin-stdlib-jdk7/1.9.24/kotlin-stdlib-jdk7-1.9.24.jar:/Users/rajatmishra/.m2/repository/org/jetbrains/kotlinx/kotlinx-coroutines-jdk8/1.8.1/kotlinx-coroutines-jdk8-1.8.1.jar:/Users/rajatmishra/.m2/repository/org/jetbrains/kotlinx/kotlinx-coroutines-core-jvm/1.8.1/kotlinx-coroutines-core-jvm-1.8.1.jar:/Users/rajatmishra/.m2/repository/io/ktor/ktor-utils-jvm/2.3.8/ktor-utils-jvm-2.3.8.jar:/Users/rajatmishra/.m2/repository/io/ktor/ktor-io-jvm/2.3.8/ktor-io-jvm-2.3.8.jar:/Users/rajatmishra/.m2/repository/commons-beanutils/commons-beanutils/1.9.4/commons-beanutils-1.9.4.jar:/Users/rajatmishra/.m2/repository/commons-logging/commons-logging/1.2/commons-logging-1.2.jar:/Users/rajatmishra/.m2/repository/commons-collections/commons-collections/3.2.2/commons-collections-3.2.2.jar:/Users/rajatmishra/.m2/repository/au/com/dius/pact/core/matchers/4.6.9/matchers-4.6.9.jar:/Users/rajatmishra/.m2/repository/io/github/java-diff-utils/java-diff-utils/4.12/java-diff-utils-4.12.jar:/Users/rajatmishra/.m2/repository/org/atteo/evo-inflector/1.3/evo-inflector-1.3.jar:/Users/rajatmishra/.m2/repository/com/github/ajalt/mordant/1.2.1/mordant-1.2.1.jar:/Users/rajatmishra/.m2/repository/com/github/ajalt/colormath/1.2.0/colormath-1.2.0.jar:/Users/rajatmishra/.m2/repository/com/github/zafarkhaja/java-semver/0.9.0/java-semver-0.9.0.jar:/Users/rajatmishra/.m2/repository/org/apache/httpcomponents/client5/httpclient5/5.3.1/httpclient5-5.3.1.jar:/Users/rajatmishra/.m2/repository/org/apache/httpcomponents/core5/httpcore5/5.2.4/httpcore5-5.2.4.jar:/Users/rajatmishra/.m2/repository/org/apache/httpcomponents/core5/httpcore5-h2/5.2.4/httpcore5-h2-5.2.4.jar:/Users/rajatmishra/.m2/repository/org/json/json/20240205/json-20240205.jar:/Users/rajatmishra/.m2/repository/org/apache/httpcomponents/client5/httpclient5-fluent/5.3.1/httpclient5-fluent-5.3.1.jar:/Users/rajatmishra/.m2/repository/com/googlecode/java-diff-utils/diffutils/1.3.0/diffutils-1.3.0.jar:/Users/rajatmishra/.m2/repository/dk/brics/automaton/automaton/1.11-8/automaton-1.11-8.jar:/Users/rajatmishra/.m2/repository/io/netty/netty-handler/4.1.110.Final/netty-handler-4.1.110.Final.jar:/Users/rajatmishra/.m2/repository/io/netty/netty-common/4.1.110.Final/netty-common-4.1.110.Final.jar:/Users/rajatmishra/.m2/repository/io/netty/netty-resolver/4.1.110.Final/netty-resolver-4.1.110.Final.jar:/Users/rajatmishra/.m2/repository/io/netty/netty-buffer/4.1.110.Final/netty-buffer-4.1.110.Final.jar:/Users/rajatmishra/.m2/repository/io/netty/netty-transport/4.1.110.Final/netty-transport-4.1.110.Final.jar:/Users/rajatmishra/.m2/repository/io/netty/netty-transport-native-unix-common/4.1.110.Final/netty-transport-native-unix-common-4.1.110.Final.jar:/Users/rajatmishra/.m2/repository/io/netty/netty-codec/4.1.110.Final/netty-codec-4.1.110.Final.jar:/Users/rajatmishra/.m2/repository/io/ktor/ktor-server-netty/2.3.8/ktor-server-netty-2.3.8.jar:/Users/rajatmishra/.m2/repository/org/jetbrains/kotlinx/kotlinx-coroutines-core/1.8.1/kotlinx-coroutines-core-1.8.1.jar:/Users/rajatmishra/.m2/repository/org/jetbrains/kotlin/kotlin-stdlib-common/1.9.24/kotlin-stdlib-common-1.9.24.jar:/Users/rajatmishra/.m2/repository/io/ktor/ktor-network-tls-certificates/2.3.8/ktor-network-tls-certificates-2.3.8.jar:/Users/rajatmishra/.m2/repository/io/ktor/ktor-server-call-logging/2.3.8/ktor-server-call-logging-2.3.8.jar:/Users/rajatmishra/.m2/repository/io/ktor/ktor-server-core/2.3.8/ktor-server-core-2.3.8.jar:/Users/rajatmishra/.m2/repository/org/jetbrains/kotlinx/atomicfu/0.19.0/atomicfu-0.19.0.jar:/Users/rajatmishra/.m2/repository/org/jetbrains/kotlinx/atomicfu-jvm/0.19.0/atomicfu-jvm-0.19.0.jar:/Users/rajatmishra/.m2/repository/io/ktor/ktor-utils/2.3.8/ktor-utils-2.3.8.jar:/Users/rajatmishra/.m2/repository/io/ktor/ktor-io/2.3.8/ktor-io-2.3.8.jar:/Users/rajatmishra/.m2/repository/io/ktor/ktor-http/2.3.8/ktor-http-2.3.8.jar:/Users/rajatmishra/.m2/repository/io/ktor/ktor-serialization/2.3.8/ktor-serialization-2.3.8.jar:/Users/rajatmishra/.m2/repository/io/ktor/ktor-websockets/2.3.8/ktor-websockets-2.3.8.jar:/Users/rajatmishra/.m2/repository/io/ktor/ktor-events/2.3.8/ktor-events-2.3.8.jar:/Users/rajatmishra/.m2/repository/io/pact/plugin/driver/core/0.4.2/core-0.4.2.jar:/Users/rajatmishra/.m2/repository/com/vdurmont/semver4j/3.1.0/semver4j-3.1.0.jar:/Users/rajatmishra/.m2/repository/io/grpc/grpc-protobuf/1.56.1/grpc-protobuf-1.56.1.jar:/Users/rajatmishra/.m2/repository/io/grpc/grpc-api/1.56.1/grpc-api-1.56.1.jar:/Users/rajatmishra/.m2/repository/io/grpc/grpc-context/1.56.1/grpc-context-1.56.1.jar:/Users/rajatmishra/.m2/repository/com/google/code/findbugs/jsr305/3.0.2/jsr305-3.0.2.jar:/Users/rajatmishra/.m2/repository/com/google/protobuf/protobuf-java/3.22.3/protobuf-java-3.22.3.jar:/Users/rajatmishra/.m2/repository/com/google/api/grpc/proto-google-common-protos/2.17.0/proto-google-common-protos-2.17.0.jar:/Users/rajatmishra/.m2/repository/io/grpc/grpc-protobuf-lite/1.56.1/grpc-protobuf-lite-1.56.1.jar:/Users/rajatmishra/.m2/repository/io/grpc/grpc-stub/1.56.1/grpc-stub-1.56.1.jar:/Users/rajatmishra/.m2/repository/com/google/errorprone/error_prone_annotations/2.18.0/error_prone_annotations-2.18.0.jar:/Users/rajatmishra/.m2/repository/io/grpc/grpc-netty/1.56.1/grpc-netty-1.56.1.jar:/Users/rajatmishra/.m2/repository/io/grpc/grpc-core/1.56.1/grpc-core-1.56.1.jar:/Users/rajatmishra/.m2/repository/com/google/android/annotations/4.1.1.4/annotations-4.1.1.4.jar:/Users/rajatmishra/.m2/repository/org/codehaus/mojo/animal-sniffer-annotations/1.23/animal-sniffer-annotations-1.23.jar:/Users/rajatmishra/.m2/repository/io/netty/netty-codec-http2/4.1.110.Final/netty-codec-http2-4.1.110.Final.jar:/Users/rajatmishra/.m2/repository/io/netty/netty-codec-http/4.1.110.Final/netty-codec-http-4.1.110.Final.jar:/Users/rajatmishra/.m2/repository/io/netty/netty-handler-proxy/4.1.110.Final/netty-handler-proxy-4.1.110.Final.jar:/Users/rajatmishra/.m2/repository/io/netty/netty-codec-socks/4.1.110.Final/netty-codec-socks-4.1.110.Final.jar:/Users/rajatmishra/.m2/repository/io/perfmark/perfmark-api/0.26.0/perfmark-api-0.26.0.jar:/Users/rajatmishra/.m2/repository/javax/annotation/javax.annotation-api/1.3.2/javax.annotation-api-1.3.2.jar:/Users/rajatmishra/.m2/repository/com/google/guava/guava/31.1-jre/guava-31.1-jre.jar:/Users/rajatmishra/.m2/repository/com/google/guava/failureaccess/1.0.1/failureaccess-1.0.1.jar:/Users/rajatmishra/.m2/repository/com/google/guava/listenablefuture/9999.0-empty-to-avoid-conflict-with-guava/listenablefuture-9999.0-empty-to-avoid-conflict-with-guava.jar:/Users/rajatmishra/.m2/repository/org/checkerframework/checker-qual/3.12.0/checker-qual-3.12.0.jar:/Users/rajatmishra/.m2/repository/com/google/j2objc/j2objc-annotations/1.3/j2objc-annotations-1.3.jar:/Users/rajatmishra/.m2/repository/javax/json/javax.json-api/1.1.4/javax.json-api-1.1.4.jar:/Users/rajatmishra/.m2/repository/org/glassfish/javax.json/1.1.4/javax.json-1.1.4.jar:/Users/rajatmishra/.m2/repository/com/moandjiezana/toml/toml4j/0.7.2/toml4j-0.7.2.jar:/Users/rajatmishra/.m2/repository/com/google/code/gson/gson/2.10.1/gson-2.10.1.jar:/Users/rajatmishra/.m2/repository/org/rauschig/jarchivelib/1.2.0/jarchivelib-1.2.0.jar:/Users/rajatmishra/.m2/repository/org/apache/commons/commons-compress/1.21/commons-compress-1.21.jar:/Users/rajatmishra/.m2/repository/org/apache/commons/commons-lang3/3.14.0/commons-lang3-3.14.0.jar:/Users/rajatmishra/.m2/repository/com/github/mifmif/generex/1.0.2/generex-1.0.2.jar:/Users/rajatmishra/.m2/repository/commons-io/commons-io/2.14.0/commons-io-2.14.0.jar:/Users/rajatmishra/.m2/repository/org/apache/commons/commons-text/1.10.0/commons-text-1.10.0.jar:/Users/rajatmishra/.m2/repository/org/apache/tika/tika-core/2.9.1/tika-core-2.9.1.jar:/Users/rajatmishra/.m2/repository/org/junit/jupiter/junit-jupiter-api/5.10.2/junit-jupiter-api-5.10.2.jar:/Users/rajatmishra/.m2/repository/org/opentest4j/opentest4j/1.3.0/opentest4j-1.3.0.jar:/Users/rajatmishra/.m2/repository/org/junit/platform/junit-platform-commons/1.10.2/junit-platform-commons-1.10.2.jar:/Users/rajatmishra/.m2/repository/org/apiguardian/apiguardian-api/1.1.2/apiguardian-api-1.1.2.jar:/Users/rajatmishra/.m2/repository/org/jetbrains/kotlin/kotlin-stdlib/1.9.24/kotlin-stdlib-1.9.24.jar:/Users/rajatmishra/.m2/repository/org/jetbrains/annotations/13.0/annotations-13.0.jar:/Users/rajatmishra/.m2/repository/org/jetbrains/kotlin/kotlin-reflect/1.9.24/kotlin-reflect-1.9.24.jar:/Users/rajatmishra/.m2/repository/org/slf4j/slf4j-api/2.0.13/slf4j-api-2.0.13.jar:"/>
    <property name="sun.cpu.endian" value="little"/>
    <property name="user.home" value="/Users/rajatmishra"/>
    <property name="user.language" value="en"/>
    <property name="java.specification.vendor" value="Oracle Corporation"/>
    <property name="java.version.date" value="2023-10-17"/>
    <property name="java.home" value="/opt/homebrew/Cellar/openjdk/21.0.1/libexec/openjdk.jdk/Contents/Home"/>
    <property name="file.separator" value="/"/>
    <property name="basedir" value="/Users/rajatmishra/Desktop/pact-workshop/customer_service"/>
    <property name="java.vm.compressedOopsMode" value="Zero based"/>
    <property name="line.separator" value="&#10;"/>
    <property name="java.vm.specification.vendor" value="Oracle Corporation"/>
    <property name="java.specification.name" value="Java Platform API Specification"/>
    <property name="FILE_LOG_CHARSET" value="UTF-8"/>
    <property name="java.awt.headless" value="true"/>
    <property name="apple.awt.application.name" value="ForkedBooter"/>
    <property name="surefire.real.class.path" value="/Users/rajatmishra/Desktop/pact-workshop/customer_service/target/surefire/surefirebooter-20240603134650055_3.jar"/>
    <property name="sun.management.compiler" value="HotSpot 64-Bit Tiered Compilers"/>
    <property name="java.runtime.version" value="21.0.1"/>
    <property name="user.name" value="rajatmishra"/>
    <property name="stdout.encoding" value="UTF-8"/>
    <property name="path.separator" value=":"/>
    <property name="os.version" value="14.5"/>
    <property name="pact.writer.overwrite" value="true"/>
    <property name="java.runtime.name" value="OpenJDK Runtime Environment"/>
    <property name="file.encoding" value="UTF-8"/>
    <property name="java.vm.name" value="OpenJDK 64-Bit Server VM"/>
    <property name="java.vendor.version" value="Homebrew"/>
    <property name="localRepository" value="/Users/rajatmishra/.m2/repository"/>
    <property name="java.vendor.url.bug" value="https://github.com/Homebrew/homebrew-core/issues"/>
    <property name="java.io.tmpdir" value="/var/folders/5s/_jtdjhrx5xd1_s1swf9mt0700000gq/T/"/>
    <property name="java.version" value="21.0.1"/>
    <property name="user.dir" value="/Users/rajatmishra/Desktop/pact-workshop/customer_service"/>
    <property name="os.arch" value="aarch64"/>
    <property name="java.vm.specification.name" value="Java Virtual Machine Specification"/>
    <property name="PID" value="61349"/>
    <property name="CONSOLE_LOG_CHARSET" value="UTF-8"/>
    <property name="native.encoding" value="UTF-8"/>
    <property name="java.library.path" value="/Users/rajatmishra/Library/Java/Extensions:/Library/Java/Extensions:/Network/Library/Java/Extensions:/System/Library/Java/Extensions:/usr/lib/java:."/>
    <property name="java.vm.info" value="mixed mode, sharing"/>
    <property name="stderr.encoding" value="UTF-8"/>
    <property name="java.vendor" value="Homebrew"/>
    <property name="java.vm.version" value="21.0.1"/>
    <property name="sun.io.unicode.encoding" value="UnicodeBig"/>
    <property name="java.class.version" value="65.0"/>
    <property name="LOGGED_APPLICATION_NAME" value="[customer_service] "/>
  </properties>
  <testcase name="contextLoads" classname="com.app.ConsumerApplicationTests" time="0.002">
    <system-out><![CDATA[2024-06-03T13:46:52.353+05:30  INFO 61349 --- [customer_service] [           main] t.c.s.AnnotationConfigContextLoaderUtils : Could not detect default configuration classes for test class [com.app.ConsumerApplicationTests]: ConsumerApplicationTests does not declare any static, non-private, non-final, nested classes annotated with @Configuration.
2024-06-03T13:46:52.354+05:30  INFO 61349 --- [customer_service] [           main] .b.t.c.SpringBootTestContextBootstrapper : Found @SpringBootConfiguration com.app.ConsumerApplication for test class com.app.ConsumerApplicationTests
]]></system-out>
  </testcase>
</testsuite>